2020-10-07 02:46:29 INFO  log:12 - Test is Starting...
2020-10-07 02:53:39 INFO  log:12 - Test is Starting...
2020-10-07 02:53:39 INFO  log:22 - Test is starting..
2020-10-07 03:05:21 INFO  log:12 - Test is Starting...
2020-10-07 03:05:22 INFO  log:22 - Test is starting..
2020-10-07 03:05:59 INFO  log:12 - Test is Starting...
2020-10-07 03:05:59 INFO  log:22 - Test is starting..
2020-10-07 03:09:47 INFO  log:12 - Test is Starting...
2020-10-07 03:09:47 INFO  log:22 - Test is starting..
2020-10-07 03:10:27 INFO  log:12 - Test is Starting...
2020-10-07 03:10:27 INFO  log:22 - Test is starting..
2020-10-07 03:37:52 INFO  log:12 - Test is Starting...
2020-10-07 03:37:53 INFO  log:22 - Test is starting..
2020-10-07 03:38:13 INFO  log:12 - Test is Starting...
2020-10-07 03:38:13 INFO  log:22 - Test is starting..
2020-10-07 03:53:38 INFO  log:12 - Test is Starting...
2020-10-07 03:53:38 INFO  log:22 - Test is starting..
2020-10-07 03:53:59 INFO  log:12 - Test is Starting...
2020-10-07 03:55:52 INFO  log:12 - Test is Starting...
2020-10-07 03:55:53 INFO  log:22 - Test is starting..
2020-10-07 03:56:13 INFO  log:12 - Test is Starting...
2020-10-07 04:00:09 INFO  log:12 - Test is Starting...
2020-10-07 04:00:10 INFO  log:22 - Test is starting..
2020-10-07 04:00:30 INFO  log:12 - Test is Starting...
2020-10-07 04:00:30 INFO  log:22 - Test is starting..
2020-10-07 16:17:15 INFO  log:12 - Test is Starting...
2020-10-07 16:17:16 INFO  log:22 - Test is starting..
2020-10-07 16:17:40 INFO  log:12 - Test is Starting...
2020-10-07 16:17:40 INFO  log:22 - Test is starting..
2020-10-07 17:38:48 INFO  log:12 - Test is Starting...
2020-10-07 17:38:49 INFO  log:22 - Test is starting..
2020-10-07 17:39:45 INFO  log:12 - Test is Starting...
2020-10-07 17:39:45 INFO  log:22 - Test is starting..
2020-10-07 17:40:44 INFO  log:12 - Test is Starting...
2020-10-07 17:40:44 INFO  log:22 - Test is starting..
2020-10-07 17:41:45 INFO  log:12 - Test is Starting...
2020-10-07 17:41:45 INFO  log:22 - Test is starting..
2020-10-07 18:03:34 INFO  log:12 - Test is Starting...
2020-10-07 18:03:34 INFO  log:22 - Test is starting..
2020-10-07 18:05:29 INFO  log:12 - Test is Starting...
2020-10-07 18:05:30 INFO  log:22 - Test is starting..
2020-10-07 18:09:18 INFO  log:12 - Test is Starting...
2020-10-07 18:09:18 INFO  log:22 - Test is starting..
2020-10-07 18:21:14 INFO  log:12 - Test is Starting...
2020-10-07 18:21:15 INFO  log:22 - Test is starting..
2020-10-07 18:22:15 INFO  log:12 - Test is Starting...
2020-10-07 18:22:15 INFO  log:22 - Test is starting..
2020-10-07 18:23:16 INFO  log:12 - Test is Starting...
2020-10-07 18:23:16 INFO  log:22 - Test is starting..
2020-10-07 18:24:16 INFO  log:12 - Test is Starting...
2020-10-07 18:24:16 INFO  log:22 - Test is starting..
2020-10-07 18:25:15 INFO  log:12 - Test is Starting...
2020-10-07 18:25:15 INFO  log:22 - Test is starting..
2020-10-07 18:26:10 INFO  log:12 - Test is Starting...
2020-10-07 18:26:10 INFO  log:22 - Test is starting..
2020-10-08 00:38:56 INFO  log:12 - Test is Starting...
2020-10-08 00:38:57 INFO  log:22 - Test is starting..
2020-10-08 00:41:24 INFO  log:12 - Test is Starting...
2020-10-08 00:41:25 INFO  log:22 - Test is starting..
2020-10-08 01:05:08 INFO  log:12 - Test is Starting...
2020-10-08 01:05:09 INFO  log:22 - Test is starting..
2020-10-08 01:10:16 INFO  log:12 - Test is Starting...
2020-10-08 01:10:23 INFO  log:22 - Test is starting..
2020-10-08 01:19:31 INFO  log:12 - Test is Starting...
2020-10-08 01:19:32 INFO  log:22 - Test is starting..
2020-10-08 01:21:43 INFO  log:12 - Test is Starting...
2020-10-08 01:21:44 INFO  log:22 - Test is starting..
2020-10-08 01:23:55 INFO  log:12 - Test is Starting...
2020-10-08 01:23:55 INFO  log:22 - Test is starting..
2020-10-08 01:28:05 INFO  log:12 - Test is Starting...
2020-10-08 01:28:05 INFO  log:22 - Test is starting..
2020-10-08 01:37:38 INFO  log:12 - Test is Starting...
2020-10-08 01:37:39 INFO  log:22 - Test is starting..
2020-10-08 01:59:07 INFO  log:12 - Test is Starting...
2020-10-08 02:00:19 INFO  log:12 - Test is Starting...
2020-10-08 02:00:19 INFO  log:22 - Test is starting..
2020-10-08 02:54:14 INFO  log:22 - Android Driver has started
2020-10-08 02:54:15 INFO  log:22 - App is launched
2020-10-08 02:54:15 INFO  log:22 - Test is Starting
2020-10-08 02:54:16 INFO  log:22 - User enter username and phone no.
2020-10-08 02:54:17 INFO  log:22 - User clicks Submit
2020-10-08 02:54:49 INFO  log:12 - Test is Starting...
2020-10-08 02:54:55 INFO  log:12 - Test is Starting...
2020-10-08 02:55:33 INFO  log:22 - Android Driver has started
2020-10-08 02:55:33 INFO  log:22 - App is launched
2020-10-08 02:55:33 INFO  log:22 - Test is Starting
2020-10-08 02:55:35 INFO  log:22 - User enter username and phone no.
2020-10-08 02:55:35 INFO  log:22 - User clicks Submit
2020-10-08 02:56:08 INFO  log:12 - Test is Starting...
2020-10-08 02:56:12 INFO  log:12 - Test is Starting...
2020-10-08 17:47:30 INFO  log:22 - Android Driver has started
2020-10-08 17:47:31 INFO  log:22 - App is launched
2020-10-08 17:47:31 INFO  log:22 - Test is Starting
2020-10-08 17:47:32 INFO  log:22 - User enter username and phone no.
2020-10-08 17:47:33 INFO  log:22 - User clicks Submit
2020-10-08 17:48:01 INFO  log:22 - User able to proceed sucessfully
2020-10-08 17:48:01 INFO  log:22 - Tests end Here
2020-10-08 17:48:03 INFO  log:12 - Test is Starting...
2020-10-08 17:48:22 INFO  log:22 - Android Driver has started
2020-10-08 17:48:22 INFO  log:22 - App is launched
2020-10-08 17:48:22 INFO  log:22 - Test is Starting
2020-10-08 17:48:24 INFO  log:22 - User enter username and phone no.
2020-10-08 17:48:24 INFO  log:22 - User clicks Submit
2020-10-08 17:48:49 INFO  log:22 - User able to proceed sucessfully
2020-10-08 17:48:49 INFO  log:22 - Tests end Here
2020-10-08 17:48:51 INFO  log:12 - Test is Starting...
2020-10-24 15:37:06 INFO  log:22 - Android Driver has started
2020-10-24 15:37:18 INFO  log:22 - Android Driver has started
2020-10-24 15:37:21 INFO  log:12 - Test is Starting...
2020-10-24 15:37:21 INFO  log:12 - Test is Starting...
2020-10-24 15:41:23 INFO  log:22 - Android Driver has started
2020-10-24 15:41:33 INFO  log:22 - Android Driver has started
2020-10-24 15:41:35 INFO  log:12 - Test is Starting...
2020-10-24 16:11:43 INFO  log:22 - Android Driver has started
2020-10-24 16:11:44 INFO  log:22 - App has lunched
2020-10-24 16:12:36 INFO  log:12 - Test is Starting...
2020-10-24 16:12:36 INFO  log:12 - Test is Starting...
2020-10-24 16:12:45 INFO  log:22 - Android Driver has started
2020-10-24 16:12:45 INFO  log:22 - App has lunched
2020-10-24 16:12:46 INFO  log:12 - Test is Starting...
2020-10-24 16:17:59 INFO  log:22 - Android Driver has started
2020-10-24 16:18:00 INFO  log:22 - App has lunched
2020-10-24 16:18:05 INFO  log:12 - Test is Starting...
2020-10-24 16:18:28 INFO  log:22 - Android Driver has started
2020-10-24 16:18:28 INFO  log:22 - App has lunched
2020-10-24 16:19:20 INFO  log:12 - Test is Starting...
2020-10-24 16:19:21 INFO  log:12 - Test is Starting...
2020-10-24 16:21:14 INFO  log:22 - Android Driver has started
2020-10-24 16:21:14 INFO  log:22 - App has lunched
2020-10-24 16:21:21 INFO  log:12 - Test is Starting...
2020-10-24 17:03:48 INFO  log:22 - Android Driver has started
2020-10-24 17:03:49 INFO  log:22 - App has lunched
2020-10-24 17:04:48 INFO  log:12 - Test is Starting...
2020-10-24 17:04:49 INFO  log:12 - Test is Starting...
2020-10-24 17:21:20 INFO  log:22 - Android Driver has started
2020-10-24 17:21:21 INFO  log:22 - App has lunched
2020-10-24 17:21:42 INFO  log:12 - Test is Starting...
2020-10-24 17:21:43 INFO  log:12 - Test is Starting...
2020-10-24 17:29:00 INFO  log:22 - Android Driver has started
2020-10-24 17:29:01 INFO  log:22 - App has lunched
2020-10-24 17:30:02 INFO  log:12 - Test is Starting...
2020-10-24 17:30:03 INFO  log:12 - Test is Starting...
2020-10-24 17:35:32 INFO  log:22 - Android Driver has started
2020-10-24 17:35:32 INFO  log:22 - App has lunched
2020-10-24 17:35:52 INFO  log:12 - Test is Starting...
2020-10-24 17:42:35 INFO  log:22 - Android Driver has started
2020-10-24 17:42:36 INFO  log:22 - App has lunched
2020-10-24 17:42:41 INFO  log:12 - Test is Starting...
2020-10-24 17:42:50 INFO  log:22 - Android Driver has started
2020-10-24 17:42:50 INFO  log:22 - App has lunched
2020-10-24 17:42:52 INFO  log:12 - Test is Starting...
2020-10-24 17:43:01 INFO  log:22 - Android Driver has started
2020-10-24 17:43:01 INFO  log:22 - App has lunched
2020-10-24 17:43:20 INFO  log:12 - Test is Starting...
