2020-10-08 17:33:45,823 [Worker-3: Loading available Gradle versions] INFO  o.e.b.c.i.u.g.PublishedGradleVersions - Gradle version information cache is out-of-date. Trying to update.
2020-10-08 17:36:38,215 [Worker-22: Building] INFO  o.e.m.c.i.l.LifecycleMappingFactory - Using org.eclipse.m2e.jdt.JarLifecycleMapping lifecycle mapping for MavenProject: com.Example:Appium_Practice:0.0.1-SNAPSHOT @ C:\Users\meghasaxena\eclipse-workspace\Appium_Practice\pom.xml.
2020-10-08 17:36:41,666 [Worker-22: Building] WARN  o.e.m.c.i.embedder.EclipseLogger - Using platform encoding (Cp1252 actually) to copy filtered resources, i.e. build is platform dependent!
2020-10-08 17:36:41,696 [Worker-22: Building] INFO  o.e.m.c.i.embedder.EclipseLogger - Copying 0 resource
2020-10-08 17:36:41,700 [Worker-22: Building] WARN  o.e.m.c.i.embedder.EclipseLogger - Using platform encoding (Cp1252 actually) to copy filtered resources, i.e. build is platform dependent!
2020-10-08 17:36:41,720 [Worker-22: Building] INFO  o.e.m.c.i.embedder.EclipseLogger - Copying 0 resource
2020-10-08 17:36:45,305 [Worker-20: Building] WARN  o.e.m.c.i.embedder.EclipseLogger - Using platform encoding (Cp1252 actually) to copy filtered resources, i.e. build is platform dependent!
2020-10-08 17:36:45,331 [Worker-20: Building] INFO  o.e.m.c.i.embedder.EclipseLogger - Copying 0 resource
2020-10-08 17:36:45,333 [Worker-20: Building] WARN  o.e.m.c.i.embedder.EclipseLogger - Using platform encoding (Cp1252 actually) to copy filtered resources, i.e. build is platform dependent!
2020-10-08 17:36:45,382 [Worker-20: Building] INFO  o.e.m.c.i.embedder.EclipseLogger - Copying 0 resource
2020-10-08 17:36:50,836 [Worker-20: Building] INFO  o.e.m.c.i.l.LifecycleMappingFactory - Using org.eclipse.m2e.jdt.JarLifecycleMapping lifecycle mapping for MavenProject: nagp.nagarro:Automation:0.0.1-SNAPSHOT @ C:\Users\meghasaxena\eclipse-workspace\MeghaSaxena_3147629_SeleniumAssignment2_Latest\Automation\pom.xml.
2020-10-08 17:36:55,353 [Worker-20: Building] INFO  o.e.m.c.i.embedder.EclipseLogger - Using 'UTF-8' encoding to copy filtered resources.
2020-10-08 17:36:55,354 [Worker-20: Building] INFO  o.e.m.c.i.embedder.EclipseLogger - Copying 0 resource
2020-10-08 17:36:55,355 [Worker-20: Building] INFO  o.e.m.c.i.embedder.EclipseLogger - Copying 6 resources
2020-10-08 17:36:55,480 [Worker-20: Building] INFO  o.e.m.c.i.embedder.EclipseLogger - Copying 3 resources
2020-10-08 17:36:55,512 [Worker-20: Building] INFO  o.e.m.c.i.embedder.EclipseLogger - Using 'UTF-8' encoding to copy filtered resources.
2020-10-08 17:36:55,512 [Worker-20: Building] INFO  o.e.m.c.i.embedder.EclipseLogger - Copying 0 resource
2020-10-08 17:36:57,639 [Worker-23: Building] INFO  o.e.m.c.i.embedder.EclipseLogger - Using 'UTF-8' encoding to copy filtered resources.
2020-10-08 17:36:57,643 [Worker-23: Building] INFO  o.e.m.c.i.embedder.EclipseLogger - Copying 0 resource
2020-10-08 17:36:57,645 [Worker-23: Building] INFO  o.e.m.c.i.embedder.EclipseLogger - Copying 6 resources
2020-10-08 17:36:57,731 [Worker-23: Building] INFO  o.e.m.c.i.embedder.EclipseLogger - Copying 3 resources
2020-10-08 17:36:57,770 [Worker-23: Building] INFO  o.e.m.c.i.embedder.EclipseLogger - Using 'UTF-8' encoding to copy filtered resources.
2020-10-08 17:36:57,771 [Worker-23: Building] INFO  o.e.m.c.i.embedder.EclipseLogger - Copying 0 resource
2020-10-08 17:36:59,744 [Worker-23: Building] INFO  o.e.m.c.i.l.LifecycleMappingFactory - Using org.eclipse.m2e.jdt.JarLifecycleMapping lifecycle mapping for MavenProject: Demo2_Selenium:Maven_Learning:0.0.1-SNAPSHOT @ C:\Users\meghasaxena\eclipse-workspace\Maven_Learning\pom.xml.
2020-10-08 17:37:00,647 [Worker-23: Building] INFO  o.e.m.c.i.embedder.EclipseLogger - Using 'UTF-8' encoding to copy filtered resources.
2020-10-08 17:37:00,648 [Worker-23: Building] INFO  o.e.m.c.i.embedder.EclipseLogger - Copying 0 resource
2020-10-08 17:37:00,648 [Worker-23: Building] INFO  o.e.m.c.i.embedder.EclipseLogger - Copying 4 resources
2020-10-08 17:37:00,745 [Worker-23: Building] INFO  o.e.m.c.i.embedder.EclipseLogger - Copying 2 resources
2020-10-08 17:37:00,766 [Worker-23: Building] INFO  o.e.m.c.i.embedder.EclipseLogger - Using 'UTF-8' encoding to copy filtered resources.
2020-10-08 17:37:00,766 [Worker-23: Building] INFO  o.e.m.c.i.embedder.EclipseLogger - Copying 0 resource
2020-10-08 17:37:03,764 [Worker-23: Building] INFO  o.e.m.c.i.l.LifecycleMappingFactory - Using org.eclipse.m2e.jdt.JarLifecycleMapping lifecycle mapping for MavenProject: com.nagp.appium:appium.BDDDemo:0.0.1-SNAPSHOT @ C:\Users\meghasaxena\eclipse-workspace\appium.BDDDemo\pom.xml.
2020-10-08 17:37:04,032 [Worker-23: Building] WARN  o.e.m.c.i.embedder.EclipseLogger - The POM for org.testng:testng:jar:5.14.3 is invalid, transitive dependencies (if any) will not be available, enable debug logging for more details
2020-10-08 17:37:04,046 [Worker-23: Building] WARN  o.e.m.c.i.embedder.EclipseLogger - The POM for org.testng:testng:jar:5.14.4 is invalid, transitive dependencies (if any) will not be available, enable debug logging for more details
2020-10-08 17:37:04,059 [Worker-23: Building] WARN  o.e.m.c.i.embedder.EclipseLogger - The POM for org.testng:testng:jar:5.14.5 is invalid, transitive dependencies (if any) will not be available, enable debug logging for more details
2020-10-08 17:37:04,262 [Worker-23: Building] WARN  o.e.m.c.i.embedder.EclipseLogger - The POM for com.beust:jcommander:jar:1.66 is missing, no dependency information available
2020-10-08 17:37:06,016 [Worker-23: Building] WARN  o.e.m.c.i.embedder.EclipseLogger - Using platform encoding (Cp1252 actually) to copy filtered resources, i.e. build is platform dependent!
2020-10-08 17:37:06,027 [Worker-23: Building] INFO  o.e.m.c.i.embedder.EclipseLogger - Copying 0 resource
2020-10-08 17:37:06,030 [Worker-23: Building] WARN  o.e.m.c.i.embedder.EclipseLogger - Using platform encoding (Cp1252 actually) to copy filtered resources, i.e. build is platform dependent!
2020-10-08 17:37:06,043 [Worker-23: Building] INFO  o.e.m.c.i.embedder.EclipseLogger - Copying 0 resource
2020-10-08 17:37:08,797 [Worker-8: Building] INFO  o.e.m.c.i.embedder.EclipseLogger - Using 'UTF-8' encoding to copy filtered resources.
2020-10-08 17:37:08,799 [Worker-8: Building] INFO  o.e.m.c.i.embedder.EclipseLogger - Copying 0 resource
2020-10-08 17:37:08,800 [Worker-8: Building] INFO  o.e.m.c.i.embedder.EclipseLogger - Copying 4 resources
2020-10-08 17:37:08,837 [Worker-8: Building] INFO  o.e.m.c.i.embedder.EclipseLogger - Copying 2 resources
2020-10-08 17:37:08,851 [Worker-8: Building] INFO  o.e.m.c.i.embedder.EclipseLogger - Using 'UTF-8' encoding to copy filtered resources.
2020-10-08 17:37:08,852 [Worker-8: Building] INFO  o.e.m.c.i.embedder.EclipseLogger - Copying 0 resource
2020-10-08 17:37:09,850 [Worker-8: Building] WARN  o.e.m.c.i.embedder.EclipseLogger - The POM for org.testng:testng:jar:5.14.3 is invalid, transitive dependencies (if any) will not be available, enable debug logging for more details
2020-10-08 17:37:09,870 [Worker-8: Building] WARN  o.e.m.c.i.embedder.EclipseLogger - The POM for org.testng:testng:jar:5.14.4 is invalid, transitive dependencies (if any) will not be available, enable debug logging for more details
2020-10-08 17:37:09,888 [Worker-8: Building] WARN  o.e.m.c.i.embedder.EclipseLogger - The POM for org.testng:testng:jar:5.14.5 is invalid, transitive dependencies (if any) will not be available, enable debug logging for more details
2020-10-08 17:37:10,149 [Worker-8: Building] WARN  o.e.m.c.i.embedder.EclipseLogger - The POM for com.beust:jcommander:jar:1.66 is missing, no dependency information available
2020-10-08 17:37:10,793 [Worker-8: Building] WARN  o.e.m.c.i.embedder.EclipseLogger - Using platform encoding (Cp1252 actually) to copy filtered resources, i.e. build is platform dependent!
2020-10-08 17:37:10,805 [Worker-8: Building] INFO  o.e.m.c.i.embedder.EclipseLogger - Copying 0 resource
2020-10-08 17:37:10,807 [Worker-8: Building] WARN  o.e.m.c.i.embedder.EclipseLogger - Using platform encoding (Cp1252 actually) to copy filtered resources, i.e. build is platform dependent!
2020-10-08 17:37:10,815 [Worker-8: Building] INFO  o.e.m.c.i.embedder.EclipseLogger - Copying 0 resource
2020-10-08 17:38:51,146 [Worker-0: Loading available Gradle versions] INFO  o.e.b.c.i.u.g.PublishedGradleVersions - Gradle version information cache is up-to-date. Trying to read.
